0 info it worked if it ends with ok
1 verbose cli [ 'C:\\Program Files\\nodejs\\node.exe',
1 verbose cli   'C:\\Program Files\\nodejs\\node_modules\\npm\\bin\\npm-cli.js',
1 verbose cli   'install',
1 verbose cli   '--save-dev',
1 verbose cli   'gulp-browserify',
1 verbose cli   'jquery',
1 verbose cli   'mustachebootstrap' ]
2 info using npm@3.10.10
3 info using node@v6.11.0
4 silly loadCurrentTree Starting
5 silly install loadCurrentTree
6 silly install readLocalPackageData
7 silly fetchPackageMetaData gulp-browserify
8 silly fetchPackageMetaData jquery
9 silly fetchPackageMetaData mustachebootstrap
10 silly fetchNamedPackageData gulp-browserify
11 silly mapToRegistry name gulp-browserify
12 silly mapToRegistry using default registry
13 silly mapToRegistry registry https://registry.npmjs.org/
14 silly mapToRegistry data Result {
14 silly mapToRegistry   raw: 'gulp-browserify',
14 silly mapToRegistry   scope: null,
14 silly mapToRegistry   escapedName: 'gulp-browserify',
14 silly mapToRegistry   name: 'gulp-browserify',
14 silly mapToRegistry   rawSpec: '',
14 silly mapToRegistry   spec: 'latest',
14 silly mapToRegistry   type: 'tag' }
15 silly mapToRegistry uri https://registry.npmjs.org/gulp-browserify
16 silly fetchNamedPackageData jquery
17 silly mapToRegistry name jquery
18 silly mapToRegistry using default registry
19 silly mapToRegistry registry https://registry.npmjs.org/
20 silly mapToRegistry data Result {
20 silly mapToRegistry   raw: 'jquery',
20 silly mapToRegistry   scope: null,
20 silly mapToRegistry   escapedName: 'jquery',
20 silly mapToRegistry   name: 'jquery',
20 silly mapToRegistry   rawSpec: '',
20 silly mapToRegistry   spec: 'latest',
20 silly mapToRegistry   type: 'tag' }
21 silly mapToRegistry uri https://registry.npmjs.org/jquery
22 silly fetchNamedPackageData mustachebootstrap
23 silly mapToRegistry name mustachebootstrap
24 silly mapToRegistry using default registry
25 silly mapToRegistry registry https://registry.npmjs.org/
26 silly mapToRegistry data Result {
26 silly mapToRegistry   raw: 'mustachebootstrap',
26 silly mapToRegistry   scope: null,
26 silly mapToRegistry   escapedName: 'mustachebootstrap',
26 silly mapToRegistry   name: 'mustachebootstrap',
26 silly mapToRegistry   rawSpec: '',
26 silly mapToRegistry   spec: 'latest',
26 silly mapToRegistry   type: 'tag' }
27 silly mapToRegistry uri https://registry.npmjs.org/mustachebootstrap
28 verbose request uri https://registry.npmjs.org/gulp-browserify
29 verbose request no auth needed
30 info attempt registry request try #1 at 08:01:19
31 verbose request id fd6a2b4199eafc01
32 http request GET https://registry.npmjs.org/gulp-browserify
33 verbose request uri https://registry.npmjs.org/mustachebootstrap
34 verbose request no auth needed
35 info attempt registry request try #1 at 08:01:19
36 http request GET https://registry.npmjs.org/mustachebootstrap
37 verbose request uri https://registry.npmjs.org/jquery
38 verbose request no auth needed
39 info attempt registry request try #1 at 08:01:19
40 http request GET https://registry.npmjs.org/jquery
41 info retry will retry, error on last attempt: Error: tunneling socket could not be established, cause=connect ETIMEDOUT 74.122.238.10:8080
42 info retry will retry, error on last attempt: Error: tunneling socket could not be established, cause=connect ETIMEDOUT 74.122.238.10:8080
43 info retry will retry, error on last attempt: Error: tunneling socket could not be established, cause=connect ETIMEDOUT 74.122.238.10:8080
44 info attempt registry request try #2 at 08:01:50
45 http request GET https://registry.npmjs.org/mustachebootstrap
46 info attempt registry request try #2 at 08:01:50
47 http request GET https://registry.npmjs.org/gulp-browserify
48 info attempt registry request try #2 at 08:01:50
49 http request GET https://registry.npmjs.org/jquery
50 info retry will retry, error on last attempt: Error: tunneling socket could not be established, cause=connect ETIMEDOUT 74.122.238.10:8080
51 info retry will retry, error on last attempt: Error: tunneling socket could not be established, cause=connect ETIMEDOUT 74.122.238.10:8080
52 info retry will retry, error on last attempt: Error: tunneling socket could not be established, cause=connect ETIMEDOUT 74.122.238.10:8080
53 info attempt registry request try #3 at 08:03:11
54 http request GET https://registry.npmjs.org/mustachebootstrap
55 info attempt registry request try #3 at 08:03:11
56 http request GET https://registry.npmjs.org/gulp-browserify
57 info attempt registry request try #3 at 08:03:11
58 http request GET https://registry.npmjs.org/jquery
59 silly fetchPackageMetaData Error: tunneling socket could not be established, cause=connect ETIMEDOUT 74.122.238.10:8080
59 silly fetchPackageMetaData     at ClientRequest.onError (C:\Program Files\nodejs\node_modules\npm\node_modules\request\node_modules\tunnel-agent\index.js:176:17)
59 silly fetchPackageMetaData     at ClientRequest.g (events.js:292:16)
59 silly fetchPackageMetaData     at emitOne (events.js:96:13)
59 silly fetchPackageMetaData     at ClientRequest.emit (events.js:188:7)
59 silly fetchPackageMetaData     at Socket.socketErrorListener (_http_client.js:309:9)
59 silly fetchPackageMetaData     at emitOne (events.js:96:13)
59 silly fetchPackageMetaData     at Socket.emit (events.js:188:7)
59 silly fetchPackageMetaData     at emitErrorNT (net.js:1277:8)
59 silly fetchPackageMetaData     at _combinedTickCallback (internal/process/next_tick.js:80:11)
59 silly fetchPackageMetaData     at process._tickCallback (internal/process/next_tick.js:104:9)
59 silly fetchPackageMetaData  error for mustachebootstrap { Error: tunneling socket could not be established, cause=connect ETIMEDOUT 74.122.238.10:8080
59 silly fetchPackageMetaData     at ClientRequest.onError (C:\Program Files\nodejs\node_modules\npm\node_modules\request\node_modules\tunnel-agent\index.js:176:17)
59 silly fetchPackageMetaData     at ClientRequest.g (events.js:292:16)
59 silly fetchPackageMetaData     at emitOne (events.js:96:13)
59 silly fetchPackageMetaData     at ClientRequest.emit (events.js:188:7)
59 silly fetchPackageMetaData     at Socket.socketErrorListener (_http_client.js:309:9)
59 silly fetchPackageMetaData     at emitOne (events.js:96:13)
59 silly fetchPackageMetaData     at Socket.emit (events.js:188:7)
59 silly fetchPackageMetaData     at emitErrorNT (net.js:1277:8)
59 silly fetchPackageMetaData     at _combinedTickCallback (internal/process/next_tick.js:80:11)
59 silly fetchPackageMetaData     at process._tickCallback (internal/process/next_tick.js:104:9) code: 'ECONNRESET' }
60 silly fetchPackageMetaData Error: tunneling socket could not be established, cause=connect ETIMEDOUT 74.122.238.10:8080
60 silly fetchPackageMetaData     at ClientRequest.onError (C:\Program Files\nodejs\node_modules\npm\node_modules\request\node_modules\tunnel-agent\index.js:176:17)
60 silly fetchPackageMetaData     at ClientRequest.g (events.js:292:16)
60 silly fetchPackageMetaData     at emitOne (events.js:96:13)
60 silly fetchPackageMetaData     at ClientRequest.emit (events.js:188:7)
60 silly fetchPackageMetaData     at Socket.socketErrorListener (_http_client.js:309:9)
60 silly fetchPackageMetaData     at emitOne (events.js:96:13)
60 silly fetchPackageMetaData     at Socket.emit (events.js:188:7)
60 silly fetchPackageMetaData     at emitErrorNT (net.js:1277:8)
60 silly fetchPackageMetaData     at _combinedTickCallback (internal/process/next_tick.js:80:11)
60 silly fetchPackageMetaData     at process._tickCallback (internal/process/next_tick.js:104:9)
60 silly fetchPackageMetaData  error for gulp-browserify { Error: tunneling socket could not be established, cause=connect ETIMEDOUT 74.122.238.10:8080
60 silly fetchPackageMetaData     at ClientRequest.onError (C:\Program Files\nodejs\node_modules\npm\node_modules\request\node_modules\tunnel-agent\index.js:176:17)
60 silly fetchPackageMetaData     at ClientRequest.g (events.js:292:16)
60 silly fetchPackageMetaData     at emitOne (events.js:96:13)
60 silly fetchPackageMetaData     at ClientRequest.emit (events.js:188:7)
60 silly fetchPackageMetaData     at Socket.socketErrorListener (_http_client.js:309:9)
60 silly fetchPackageMetaData     at emitOne (events.js:96:13)
60 silly fetchPackageMetaData     at Socket.emit (events.js:188:7)
60 silly fetchPackageMetaData     at emitErrorNT (net.js:1277:8)
60 silly fetchPackageMetaData     at _combinedTickCallback (internal/process/next_tick.js:80:11)
60 silly fetchPackageMetaData     at process._tickCallback (internal/process/next_tick.js:104:9) code: 'ECONNRESET' }
61 silly fetchPackageMetaData Error: tunneling socket could not be established, cause=connect ETIMEDOUT 74.122.238.10:8080
61 silly fetchPackageMetaData     at ClientRequest.onError (C:\Program Files\nodejs\node_modules\npm\node_modules\request\node_modules\tunnel-agent\index.js:176:17)
61 silly fetchPackageMetaData     at ClientRequest.g (events.js:292:16)
61 silly fetchPackageMetaData     at emitOne (events.js:96:13)
61 silly fetchPackageMetaData     at ClientRequest.emit (events.js:188:7)
61 silly fetchPackageMetaData     at Socket.socketErrorListener (_http_client.js:309:9)
61 silly fetchPackageMetaData     at emitOne (events.js:96:13)
61 silly fetchPackageMetaData     at Socket.emit (events.js:188:7)
61 silly fetchPackageMetaData     at emitErrorNT (net.js:1277:8)
61 silly fetchPackageMetaData     at _combinedTickCallback (internal/process/next_tick.js:80:11)
61 silly fetchPackageMetaData     at process._tickCallback (internal/process/next_tick.js:104:9)
61 silly fetchPackageMetaData  error for jquery { Error: tunneling socket could not be established, cause=connect ETIMEDOUT 74.122.238.10:8080
61 silly fetchPackageMetaData     at ClientRequest.onError (C:\Program Files\nodejs\node_modules\npm\node_modules\request\node_modules\tunnel-agent\index.js:176:17)
61 silly fetchPackageMetaData     at ClientRequest.g (events.js:292:16)
61 silly fetchPackageMetaData     at emitOne (events.js:96:13)
61 silly fetchPackageMetaData     at ClientRequest.emit (events.js:188:7)
61 silly fetchPackageMetaData     at Socket.socketErrorListener (_http_client.js:309:9)
61 silly fetchPackageMetaData     at emitOne (events.js:96:13)
61 silly fetchPackageMetaData     at Socket.emit (events.js:188:7)
61 silly fetchPackageMetaData     at emitErrorNT (net.js:1277:8)
61 silly fetchPackageMetaData     at _combinedTickCallback (internal/process/next_tick.js:80:11)
61 silly fetchPackageMetaData     at process._tickCallback (internal/process/next_tick.js:104:9) code: 'ECONNRESET' }
62 silly rollbackFailedOptional Starting
63 silly rollbackFailedOptional Finishing
64 silly runTopLevelLifecycles Finishing
65 silly install printInstalled
66 verbose stack Error: tunneling socket could not be established, cause=connect ETIMEDOUT 74.122.238.10:8080
66 verbose stack     at ClientRequest.onError (C:\Program Files\nodejs\node_modules\npm\node_modules\request\node_modules\tunnel-agent\index.js:176:17)
66 verbose stack     at ClientRequest.g (events.js:292:16)
66 verbose stack     at emitOne (events.js:96:13)
66 verbose stack     at ClientRequest.emit (events.js:188:7)
66 verbose stack     at Socket.socketErrorListener (_http_client.js:309:9)
66 verbose stack     at emitOne (events.js:96:13)
66 verbose stack     at Socket.emit (events.js:188:7)
66 verbose stack     at emitErrorNT (net.js:1277:8)
66 verbose stack     at _combinedTickCallback (internal/process/next_tick.js:80:11)
66 verbose stack     at process._tickCallback (internal/process/next_tick.js:104:9)
67 verbose cwd C:\Users\x.kaindl\Desktop\workflow
68 error Windows_NT 6.1.7601
69 error argv "C:\\Program Files\\nodejs\\node.exe" "C:\\Program Files\\nodejs\\node_modules\\npm\\bin\\npm-cli.js" "install" "--save-dev" "gulp-browserify" "jquery" "mustachebootstrap"
70 error node v6.11.0
71 error npm  v3.10.10
72 error code ECONNRESET
73 error network tunneling socket could not be established, cause=connect ETIMEDOUT 74.122.238.10:8080
74 error network This is most likely not a problem with npm itself
74 error network and is related to network connectivity.
74 error network In most cases you are behind a proxy or have bad network settings.
74 error network
74 error network If you are behind a proxy, please make sure that the
74 error network 'proxy' config is set properly.  See: 'npm help config'
75 verbose exit [ 1, true ]
